Wed Feb 12 2020 04:03:02 GMT+0800 (Malay Peninsula Standard Time): GET /about
Wed Feb 12 2020 04:03:25 GMT+0800 (Malay Peninsula Standard Time): GET /
Wed Feb 12 2020 04:09:59 GMT+0800 (Malay Peninsula Standard Time): GET /
Wed Feb 12 2020 04:10:05 GMT+0800 (Malay Peninsula Standard Time): GET /about
Wed Feb 12 2020 04:12:14 GMT+0800 (Malay Peninsula Standard Time): GET /about
Wed Feb 12 2020 04:12:19 GMT+0800 (Malay Peninsula Standard Time): GET /about
Wed Feb 12 2020 04:13:39 GMT+0800 (Malay Peninsula Standard Time): GET /help.html
Wed Feb 12 2020 04:14:15 GMT+0800 (Malay Peninsula Standard Time): GET /help.html
Wed Feb 12 2020 04:14:20 GMT+0800 (Malay Peninsula Standard Time): GET /
Wed Feb 12 2020 04:14:22 GMT+0800 (Malay Peninsula Standard Time): GET /about
Wed Feb 12 2020 04:14:23 GMT+0800 (Malay Peninsula Standard Time): GET /
Wed Feb 12 2020 04:14:24 GMT+0800 (Malay Peninsula Standard Time): GET /about
Wed Feb 12 2020 22:49:36 GMT+0800 (Malay Peninsula Standard Time): GET /about
Wed Feb 12 2020 22:49:36 GMT+0800 (Malay Peninsula Standard Time): GET /favicon.ico
Wed Feb 12 2020 22:52:32 GMT+0800 (Malay Peninsula Standard Time): GET /about
Wed Feb 12 2020 22:52:34 GMT+0800 (Malay Peninsula Standard Time): GET /about
Wed Feb 12 2020 22:52:35 GMT+0800 (Malay Peninsula Standard Time): GET /about
Wed Feb 12 2020 22:52:35 GMT+0800 (Malay Peninsula Standard Time): GET /about
Wed Feb 12 2020 22:52:35 GMT+0800 (Malay Peninsula Standard Time): GET /about
Wed Feb 12 2020 22:52:35 GMT+0800 (Malay Peninsula Standard Time): GET /about
Wed Feb 12 2020 22:53:08 GMT+0800 (Malay Peninsula Standard Time): GET /about
Wed Feb 12 2020 22:53:09 GMT+0800 (Malay Peninsula Standard Time): GET /projects
Wed Feb 12 2020 22:53:29 GMT+0800 (Malay Peninsula Standard Time): GET /projects
Wed Feb 12 2020 22:53:31 GMT+0800 (Malay Peninsula Standard Time): GET /projects
Wed Feb 12 2020 22:53:32 GMT+0800 (Malay Peninsula Standard Time): GET /about
Wed Feb 12 2020 22:53:33 GMT+0800 (Malay Peninsula Standard Time): GET /
Wed Feb 12 2020 22:53:34 GMT+0800 (Malay Peninsula Standard Time): GET /about
Wed Feb 12 2020 22:53:35 GMT+0800 (Malay Peninsula Standard Time): GET /projects
Wed Feb 12 2020 22:53:35 GMT+0800 (Malay Peninsula Standard Time): GET /about
Wed Feb 12 2020 22:53:36 GMT+0800 (Malay Peninsula Standard Time): GET /
Wed Feb 12 2020 22:53:37 GMT+0800 (Malay Peninsula Standard Time): GET /about
Wed Feb 12 2020 22:53:37 GMT+0800 (Malay Peninsula Standard Time): GET /projects
